<?xml version="1.0" encoding="UTF-8"?>
<coverage generated="1773594114765" clover="3.2.0">
  <project timestamp="1773594114765" name="All files">
    <metrics statements="32" coveredstatements="27" conditionals="42" coveredconditionals="27" methods="8" coveredmethods="8" elements="82" coveredelements="62" complexity="0" loc="32" ncloc="32" packages="1" files="1" classes="1"/>
    <file name="calculator.js" path="C:\Users\tolik\OneDrive\Documents\GitHub\Anatolii-Potsiurko-PP-35\src\calculator.js">
      <metrics statements="32" coveredstatements="27" conditionals="42" coveredconditionals="27" methods="8" coveredmethods="8"/>
      <line num="4" count="1" type="cond" truecount="4" falsecount="1"/>
      <line num="5" count="1" type="cond" truecount="1" falsecount="1"/>
      <line num="6" count="0" type="stmt"/>
      <line num="7" count="0" type="stmt"/>
      <line num="8" count="0" type="stmt"/>
      <line num="10" count="1" type="stmt"/>
      <line num="14" count="5" type="cond" truecount="4" falsecount="1"/>
      <line num="15" count="1" type="stmt"/>
      <line num="16" count="1" type="stmt"/>
      <line num="17" count="1" type="stmt"/>
      <line num="18" count="2" type="cond" truecount="2" falsecount="0"/>
      <line num="19" count="0" type="stmt"/>
      <line num="24" count="1" type="cond" truecount="1" falsecount="1"/>
      <line num="25" count="1" type="stmt"/>
      <line num="26" count="1" type="stmt"/>
      <line num="30" count="1" type="cond" truecount="1" falsecount="1"/>
      <line num="31" count="1" type="cond" truecount="1" falsecount="1"/>
      <line num="32" count="1" type="cond" truecount="1" falsecount="1"/>
      <line num="33" count="1" type="stmt"/>
      <line num="37" count="1" type="cond" truecount="1" falsecount="1"/>
      <line num="38" count="1" type="cond" truecount="1" falsecount="1"/>
      <line num="39" count="1" type="stmt"/>
      <line num="43" count="1" type="cond" truecount="1" falsecount="1"/>
      <line num="44" count="1" type="cond" truecount="3" falsecount="2"/>
      <line num="45" count="0" type="stmt"/>
      <line num="47" count="1" type="stmt"/>
      <line num="51" count="1" type="cond" truecount="1" falsecount="1"/>
      <line num="52" count="1" type="cond" truecount="1" falsecount="1"/>
      <line num="53" count="1" type="stmt"/>
      <line num="57" count="1" type="stmt"/>
      <line num="58" count="1" type="cond" truecount="1" falsecount="1"/>
      <line num="59" count="1" type="stmt"/>
    </file>
  </project>
</coverage>
