{"C:\\Users\\tolik\\OneDrive\\Documents\\GitHub\\Anatolii-Potsiurko-PP-35\\src\\calculator.js": {"path":"C:\\Users\\tolik\\OneDrive\\Documents\\GitHub\\Anatolii-Potsiurko-PP-35\\src\\calculator.js","statementMap":{"0":{"start":{"line":4,"column":2},"end":{"line":4,"column":52}},"1":{"start":{"line":4,"column":43},"end":{"line":4,"column":52}},"2":{"start":{"line":5,"column":2},"end":{"line":9,"column":3}},"3":{"start":{"line":6,"column":19},"end":{"line":6,"column":31}},"4":{"start":{"line":7,"column":15},"end":{"line":7,"column":32}},"5":{"start":{"line":8,"column":4},"end":{"line":8,"column":24}},"6":{"start":{"line":10,"column":2},"end":{"line":10,"column":27}},"7":{"start":{"line":14,"column":2},"end":{"line":20,"column":3}},"8":{"start":{"line":15,"column":14},"end":{"line":15,"column":27}},"9":{"start":{"line":16,"column":14},"end":{"line":16,"column":27}},"10":{"start":{"line":17,"column":14},"end":{"line":17,"column":27}},"11":{"start":{"line":18,"column":14},"end":{"line":18,"column":43}},"12":{"start":{"line":19,"column":13},"end":{"line":19,"column":22}},"13":{"start":{"line":24,"column":2},"end":{"line":24,"column":42}},"14":{"start":{"line":24,"column":27},"end":{"line":24,"column":42}},"15":{"start":{"line":25,"column":18},"end":{"line":25,"column":64}},"16":{"start":{"line":26,"column":2},"end":{"line":26,"column":25}},"17":{"start":{"line":30,"column":2},"end":{"line":30,"column":34}},"18":{"start":{"line":30,"column":21},"end":{"line":30,"column":34}},"19":{"start":{"line":31,"column":2},"end":{"line":31,"column":36}},"20":{"start":{"line":31,"column":23},"end":{"line":31,"column":36}},"21":{"start":{"line":32,"column":2},"end":{"line":32,"column":43}},"22":{"start":{"line":32,"column":24},"end":{"line":32,"column":43}},"23":{"start":{"line":33,"column":2},"end":{"line":33,"column":25}},"24":{"start":{"line":37,"column":2},"end":{"line":37,"column":33}},"25":{"start":{"line":37,"column":21},"end":{"line":37,"column":33}},"26":{"start":{"line":38,"column":2},"end":{"line":38,"column":51}},"27":{"start":{"line":38,"column":30},"end":{"line":38,"column":51}},"28":{"start":{"line":39,"column":2},"end":{"line":39,"column":17}},"29":{"start":{"line":43,"column":2},"end":{"line":43,"column":32}},"30":{"start":{"line":43,"column":21},"end":{"line":43,"column":32}},"31":{"start":{"line":44,"column":2},"end":{"line":46,"column":3}},"32":{"start":{"line":45,"column":4},"end":{"line":45,"column":15}},"33":{"start":{"line":47,"column":2},"end":{"line":47,"column":30}},"34":{"start":{"line":51,"column":2},"end":{"line":51,"column":38}},"35":{"start":{"line":51,"column":23},"end":{"line":51,"column":38}},"36":{"start":{"line":52,"column":2},"end":{"line":52,"column":55}},"37":{"start":{"line":52,"column":31},"end":{"line":52,"column":55}},"38":{"start":{"line":53,"column":2},"end":{"line":53,"column":23}},"39":{"start":{"line":57,"column":12},"end":{"line":57,"column":27}},"40":{"start":{"line":58,"column":2},"end":{"line":58,"column":42}},"41":{"start":{"line":58,"column":27},"end":{"line":58,"column":42}},"42":{"start":{"line":59,"column":2},"end":{"line":59,"column":25}}},"fnMap":{"0":{"name":"normalizeNumberString","decl":{"start":{"line":3,"column":16},"end":{"line":3,"column":37}},"loc":{"start":{"line":3,"column":41},"end":{"line":11,"column":1}},"line":3},"1":{"name":"compute","decl":{"start":{"line":13,"column":16},"end":{"line":13,"column":23}},"loc":{"start":{"line":13,"column":40},"end":{"line":21,"column":1}},"line":13},"2":{"name":"formatResult","decl":{"start":{"line":23,"column":16},"end":{"line":23,"column":28}},"loc":{"start":{"line":23,"column":32},"end":{"line":27,"column":1}},"line":23},"3":{"name":"inputDigit","decl":{"start":{"line":29,"column":16},"end":{"line":29,"column":26}},"loc":{"start":{"line":29,"column":66},"end":{"line":34,"column":1}},"line":29},"4":{"name":"inputDot","decl":{"start":{"line":36,"column":16},"end":{"line":36,"column":24}},"loc":{"start":{"line":36,"column":57},"end":{"line":40,"column":1}},"line":36},"5":{"name":"backspace","decl":{"start":{"line":42,"column":16},"end":{"line":42,"column":25}},"loc":{"start":{"line":42,"column":58},"end":{"line":48,"column":1}},"line":42},"6":{"name":"toggleSign","decl":{"start":{"line":50,"column":16},"end":{"line":50,"column":26}},"loc":{"start":{"line":50,"column":36},"end":{"line":54,"column":1}},"line":50},"7":{"name":"percent","decl":{"start":{"line":56,"column":16},"end":{"line":56,"column":23}},"loc":{"start":{"line":56,"column":33},"end":{"line":60,"column":null}},"line":56}},"branchMap":{"0":{"loc":{"start":{"line":4,"column":2},"end":{"line":4,"column":52}},"type":"if","locations":[{"start":{"line":4,"column":2},"end":{"line":4,"column":52}},{"start":{},"end":{}}],"line":4},"1":{"loc":{"start":{"line":4,"column":6},"end":{"line":4,"column":41}},"type":"binary-expr","locations":[{"start":{"line":4,"column":6},"end":{"line":4,"column":14}},{"start":{"line":4,"column":18},"end":{"line":4,"column":27}},{"start":{"line":4,"column":31},"end":{"line":4,"column":41}}],"line":4},"2":{"loc":{"start":{"line":5,"column":2},"end":{"line":9,"column":3}},"type":"if","locations":[{"start":{"line":5,"column":2},"end":{"line":9,"column":3}},{"start":{},"end":{}}],"line":5},"3":{"loc":{"start":{"line":14,"column":2},"end":{"line":20,"column":3}},"type":"switch","locations":[{"start":{"line":15,"column":4},"end":{"line":15,"column":27}},{"start":{"line":16,"column":4},"end":{"line":16,"column":27}},{"start":{"line":17,"column":4},"end":{"line":17,"column":27}},{"start":{"line":18,"column":4},"end":{"line":18,"column":43}},{"start":{"line":19,"column":4},"end":{"line":19,"column":22}}],"line":14},"4":{"loc":{"start":{"line":18,"column":21},"end":{"line":18,"column":42}},"type":"cond-expr","locations":[{"start":{"line":18,"column":31},"end":{"line":18,"column":34}},{"start":{"line":18,"column":37},"end":{"line":18,"column":42}}],"line":18},"5":{"loc":{"start":{"line":24,"column":2},"end":{"line":24,"column":42}},"type":"if","locations":[{"start":{"line":24,"column":2},"end":{"line":24,"column":42}},{"start":{},"end":{}}],"line":24},"6":{"loc":{"start":{"line":29,"column":43},"end":{"line":29,"column":64}},"type":"default-arg","locations":[{"start":{"line":29,"column":59},"end":{"line":29,"column":64}}],"line":29},"7":{"loc":{"start":{"line":30,"column":2},"end":{"line":30,"column":34}},"type":"if","locations":[{"start":{"line":30,"column":2},"end":{"line":30,"column":34}},{"start":{},"end":{}}],"line":30},"8":{"loc":{"start":{"line":31,"column":2},"end":{"line":31,"column":36}},"type":"if","locations":[{"start":{"line":31,"column":2},"end":{"line":31,"column":36}},{"start":{},"end":{}}],"line":31},"9":{"loc":{"start":{"line":32,"column":2},"end":{"line":32,"column":43}},"type":"if","locations":[{"start":{"line":32,"column":2},"end":{"line":32,"column":43}},{"start":{},"end":{}}],"line":32},"10":{"loc":{"start":{"line":36,"column":34},"end":{"line":36,"column":55}},"type":"default-arg","locations":[{"start":{"line":36,"column":50},"end":{"line":36,"column":55}}],"line":36},"11":{"loc":{"start":{"line":37,"column":2},"end":{"line":37,"column":33}},"type":"if","locations":[{"start":{"line":37,"column":2},"end":{"line":37,"column":33}},{"start":{},"end":{}}],"line":37},"12":{"loc":{"start":{"line":38,"column":2},"end":{"line":38,"column":51}},"type":"if","locations":[{"start":{"line":38,"column":2},"end":{"line":38,"column":51}},{"start":{},"end":{}}],"line":38},"13":{"loc":{"start":{"line":42,"column":35},"end":{"line":42,"column":56}},"type":"default-arg","locations":[{"start":{"line":42,"column":51},"end":{"line":42,"column":56}}],"line":42},"14":{"loc":{"start":{"line":43,"column":2},"end":{"line":43,"column":32}},"type":"if","locations":[{"start":{"line":43,"column":2},"end":{"line":43,"column":32}},{"start":{},"end":{}}],"line":43},"15":{"loc":{"start":{"line":44,"column":2},"end":{"line":46,"column":3}},"type":"if","locations":[{"start":{"line":44,"column":2},"end":{"line":46,"column":3}},{"start":{},"end":{}}],"line":44},"16":{"loc":{"start":{"line":44,"column":6},"end":{"line":44,"column":78}},"type":"binary-expr","locations":[{"start":{"line":44,"column":6},"end":{"line":44,"column":25}},{"start":{"line":44,"column":30},"end":{"line":44,"column":50}},{"start":{"line":44,"column":54},"end":{"line":44,"column":77}}],"line":44},"17":{"loc":{"start":{"line":51,"column":2},"end":{"line":51,"column":38}},"type":"if","locations":[{"start":{"line":51,"column":2},"end":{"line":51,"column":38}},{"start":{},"end":{}}],"line":51},"18":{"loc":{"start":{"line":52,"column":2},"end":{"line":52,"column":55}},"type":"if","locations":[{"start":{"line":52,"column":2},"end":{"line":52,"column":55}},{"start":{},"end":{}}],"line":52},"19":{"loc":{"start":{"line":58,"column":2},"end":{"line":58,"column":42}},"type":"if","locations":[{"start":{"line":58,"column":2},"end":{"line":58,"column":42}},{"start":{},"end":{}}],"line":58}},"s":{"0":1,"1":0,"2":1,"3":0,"4":0,"5":0,"6":1,"7":5,"8":1,"9":1,"10":1,"11":2,"12":0,"13":1,"14":0,"15":1,"16":1,"17":1,"18":0,"19":1,"20":0,"21":1,"22":0,"23":1,"24":1,"25":0,"26":1,"27":0,"28":1,"29":1,"30":0,"31":1,"32":0,"33":1,"34":1,"35":0,"36":1,"37":0,"38":1,"39":1,"40":1,"41":0,"42":1},"f":{"0":1,"1":5,"2":1,"3":1,"4":1,"5":1,"6":1,"7":1},"b":{"0":[0,1],"1":[1,1,1],"2":[0,1],"3":[1,1,1,2,0],"4":[1,1],"5":[0,1],"6":[1],"7":[0,1],"8":[0,1],"9":[0,1],"10":[1],"11":[0,1],"12":[0,1],"13":[1],"14":[0,1],"15":[0,1],"16":[1,1,0],"17":[0,1],"18":[0,1],"19":[0,1]},"meta":{"lastBranch":20,"lastFunction":8,"lastStatement":43,"seen":{"f:3:16:3:37":0,"b:4:2:4:52:undefined:undefined:undefined:undefined":0,"s:4:2:4:52":0,"b:4:6:4:14:4:18:4:27:4:31:4:41":1,"s:4:43:4:52":1,"b:5:2:9:3:undefined:undefined:undefined:undefined":2,"s:5:2:9:3":2,"s:6:19:6:31":3,"s:7:15:7:32":4,"s:8:4:8:24":5,"s:10:2:10:27":6,"f:13:16:13:23":1,"b:15:4:15:27:16:4:16:27:17:4:17:27:18:4:18:43:19:4:19:22":3,"s:14:2:20:3":7,"s:15:14:15:27":8,"s:16:14:16:27":9,"s:17:14:17:27":10,"s:18:14:18:43":11,"b:18:31:18:34:18:37:18:42":4,"s:19:13:19:22":12,"f:23:16:23:28":2,"b:24:2:24:42:undefined:undefined:undefined:undefined":5,"s:24:2:24:42":13,"s:24:27:24:42":14,"s:25:18:25:64":15,"s:26:2:26:25":16,"f:29:16:29:26":3,"b:29:59:29:64":6,"b:30:2:30:34:undefined:undefined:undefined:undefined":7,"s:30:2:30:34":17,"s:30:21:30:34":18,"b:31:2:31:36:undefined:undefined:undefined:undefined":8,"s:31:2:31:36":19,"s:31:23:31:36":20,"b:32:2:32:43:undefined:undefined:undefined:undefined":9,"s:32:2:32:43":21,"s:32:24:32:43":22,"s:33:2:33:25":23,"f:36:16:36:24":4,"b:36:50:36:55":10,"b:37:2:37:33:undefined:undefined:undefined:undefined":11,"s:37:2:37:33":24,"s:37:21:37:33":25,"b:38:2:38:51:undefined:undefined:undefined:undefined":12,"s:38:2:38:51":26,"s:38:30:38:51":27,"s:39:2:39:17":28,"f:42:16:42:25":5,"b:42:51:42:56":13,"b:43:2:43:32:undefined:undefined:undefined:undefined":14,"s:43:2:43:32":29,"s:43:21:43:32":30,"b:44:2:46:3:undefined:undefined:undefined:undefined":15,"s:44:2:46:3":31,"b:44:6:44:25:44:30:44:50:44:54:44:77":16,"s:45:4:45:15":32,"s:47:2:47:30":33,"f:50:16:50:26":6,"b:51:2:51:38:undefined:undefined:undefined:undefined":17,"s:51:2:51:38":34,"s:51:23:51:38":35,"b:52:2:52:55:undefined:undefined:undefined:undefined":18,"s:52:2:52:55":36,"s:52:31:52:55":37,"s:53:2:53:23":38,"f:56:16:56:23":7,"s:57:12:57:27":39,"b:58:2:58:42:undefined:undefined:undefined:undefined":19,"s:58:2:58:42":40,"s:58:27:58:42":41,"s:59:2:59:25":42}}}
}
